<?xml version="1.0" encoding="utf-8"?>
<?xml-stylesheet type="text/xsl" href="c:\users\davidrice3\repository\msusel\msusel-qatch\resources\tools\fxcop\Xml\CodeAnalysisReport.xsl"?>
<FxCopReport Version="15.0">
 <Targets>
  <Target Name="C:\Users\davidrice3\Repository\MSUSEL\sample-analysis-projects\csharp\FxcopFindings\bin\Debug\FxcopFindings.exe">
   <Modules>
    <Module Name="fxcopfindings.exe">
     <Namespaces>
      <Namespace Name="FxcopFindings">
       <Types>
        <Type Name="ICA1040" Kind="Interface" Accessibility="Public" ExternallyVisible="True">
         <Messages>
          <Message TypeName="AvoidEmptyInterfaces" Category="Microsoft.Design" CheckId="CA1040" Status="Active" Created="2019-05-09 21:45:59Z" FixCategory="Breaking">
           <Issue Certainty="90" Level="Warning">Define a custom attribute to replace 'ICA1040'.</Issue>
          </Message>
         </Messages>
        </Type>
        <Type Name="NoDisposeMethod" Kind="Class" Accessibility="Public" ExternallyVisible="True">
         <Messages>
          <Message TypeName="TypesThatOwnDisposableFieldsShouldBeDisposable" Category="Microsoft.Design" CheckId="CA1001" Status="Active" Created="2019-05-09 21:45:59Z" FixCategory="DependsOnFix">
           <Issue Name="DependsOnFix" Certainty="95" Level="CriticalError">Implement IDisposable on 'NoDisposeMethod' because it creates members of the following IDisposable types: 'FileStream'. If 'NoDisposeMethod' has previously shipped, adding new members that implement IDisposable to this type is considered a breaking change to existing consumers.</Issue>
          </Message>
         </Messages>
        </Type>
        <Type Name="SecurityRules" Kind="Class" Accessibility="Public" ExternallyVisible="True">
         <Messages>
          <Message TypeName="StaticHolderTypesShouldNotHaveConstructors" Category="Microsoft.Design" CheckId="CA1053" Status="Active" Created="2019-05-09 21:45:59Z" FixCategory="Breaking">
           <Issue Certainty="90" Level="Error">Because type 'SecurityRules' contains only 'static' ('Shared' in Visual Basic) members, add a default private constructor to prevent the compiler from adding a default public constructor.</Issue>
          </Message>
         </Messages>
        </Type>
       </Types>
      </Namespace>
     </Namespaces>
    </Module>
   </Modules>
  </Target>
 </Targets>
 <Rules>
  <Rule TypeName="AvoidEmptyInterfaces" Category="Microsoft.Design" CheckId="CA1040">
   <Name>Avoid empty interfaces</Name>
   <Description>Interfaces are meant to contain members that specify a set of behaviors. To mark or label a class, use an attribute instead of an empty interface.</Description>
   <Resolution Name="Default">Define a custom attribute to replace {0}.</Resolution>
   <Owner />
   <Url>http://msdn.microsoft.com/library/ms182128.aspx</Url>
   <Email>[none]</Email>
   <MessageLevel Certainty="90">Warning</MessageLevel>
   <File Name="designrules.dll" Version="15.0.0.0" />
  </Rule>
  <Rule TypeName="StaticHolderTypesShouldNotHaveConstructors" Category="Microsoft.Design" CheckId="CA1053">
   <Name>Static holder types should not have constructors</Name>
   <Description>Instances of types that define only static members do not need to be created. Many compilers will automatically add a public default constructor if no constructor is specified. To prevent this, adding an empty private constructor may be required.</Description>
   <Resolution Name="Default">Because type {0} contains only 'static' ('Shared' in Visual Basic) members, add a default private constructor to prevent the compiler from adding a default public constructor.</Resolution>
   <Owner />
   <Url>http://msdn.microsoft.com/library/ms182169.aspx</Url>
   <Email>[none]</Email>
   <MessageLevel Certainty="90">Error</MessageLevel>
   <File Name="designrules.dll" Version="15.0.0.0" />
  </Rule>
  <Rule TypeName="TypesThatOwnDisposableFieldsShouldBeDisposable" Category="Microsoft.Design" CheckId="CA1001">
   <Name>Types that own disposable fields should be disposable</Name>
   <Description>Types that declare disposable members should also implement IDisposable. If the type does not own any unmanaged resources, do not implement a finalizer on it.</Description>
   <Resolution Name="DependsOnFix">Implement IDisposable on {0} because it creates members of the following IDisposable types: {1}. If {0} has previously shipped, adding new members that implement IDisposable to this type is considered a breaking change to existing consumers.</Resolution>
   <Owner />
   <Url>http://msdn.microsoft.com/library/ms182172.aspx</Url>
   <Email>[none]</Email>
   <MessageLevel Certainty="95">CriticalError</MessageLevel>
   <File Name="designrules.dll" Version="15.0.0.0" />
  </Rule>
 </Rules>
 <Localized>
  <String Key="Category">Category</String>
  <String Key="Certainty">Certainty</String>
  <String Key="CollapseAll">Collapse All</String>
  <String Key="CheckId">Check Id</String>
  <String Key="Error">Error</String>
  <String Key="Errors">error(s)</String>
  <String Key="ExpandAll">Expand All</String>
  <String Key="Help">Help</String>
  <String Key="Line">Line</String>
  <String Key="Messages">message(s)</String>
  <String Key="LocationNotStoredInPdb">[Location not stored in Pdb]</String>
  <String Key="Project">Project</String>
  <String Key="Resolution">Resolution</String>
  <String Key="Rule">Rule</String>
  <String Key="RuleFile">Rule File</String>
  <String Key="RuleDescription">Rule Description</String>
  <String Key="Source">Source</String>
  <String Key="Status">Status</String>
  <String Key="Target">Target</String>
  <String Key="Warning">Warning</String>
  <String Key="Warnings">warning(s)</String>
  <String Key="ReportTitle">Code Analysis Report</String>
 </Localized>
</FxCopReport>
